d:\pro\vs_pro\chatserver1\chatserver\x64\debug\vc142.pdb
d:\pro\vs_pro\chatserver1\chatserver\x64\debug\vc142.idb
d:\pro\vs_pro\chatserver1\chatserver\x64\debug\usermgr.obj
d:\pro\vs_pro\chatserver1\chatserver\x64\debug\statusgrpcclient.obj
d:\pro\vs_pro\chatserver1\chatserver\x64\debug\redismgr.obj
d:\pro\vs_pro\chatserver1\chatserver\x64\debug\mysqlmgr.obj
d:\pro\vs_pro\chatserver1\chatserver\x64\debug\mysqldao.obj
d:\pro\vs_pro\chatserver1\chatserver\x64\debug\msgnode.obj
d:\pro\vs_pro\chatserver1\chatserver\x64\debug\message.pb.obj
d:\pro\vs_pro\chatserver1\chatserver\x64\debug\message.grpc.pb.obj
d:\pro\vs_pro\chatserver1\chatserver\x64\debug\logicsystem.obj
d:\pro\vs_pro\chatserver1\chatserver\x64\debug\csession.obj
d:\pro\vs_pro\chatserver1\chatserver\x64\debug\cserver.obj
d:\pro\vs_pro\chatserver1\chatserver\x64\debug\configmgr.obj
d:\pro\vs_pro\chatserver1\chatserver\x64\debug\chatserviceimpl.obj
d:\pro\vs_pro\chatserver1\chatserver\x64\debug\chatserver.obj
d:\pro\vs_pro\chatserver1\chatserver\x64\debug\asioioservicepool.obj
d:\pro\vs_pro\chatserver1\chatserver\x64\debug\chatgrpcclient.obj
d:\pro\vs_pro\chatserver1\x64\debug\chatserver1.exe
d:\pro\vs_pro\chatserver1\chatserver\x64\debug\chatserver1.ilk
d:\pro\vs_pro\chatserver1\x64\debug\chatserver1.pdb
d:\pro\vs_pro\chatserver1\chatserver\x64\debug\chatserver1.tlog\cl.command.1.tlog
d:\pro\vs_pro\chatserver1\chatserver\x64\debug\chatserver1.tlog\cl.read.1.tlog
d:\pro\vs_pro\chatserver1\chatserver\x64\debug\chatserver1.tlog\cl.write.1.tlog
d:\pro\vs_pro\chatserver1\chatserver\x64\debug\chatserver1.tlog\link.command.1.tlog
d:\pro\vs_pro\chatserver1\chatserver\x64\debug\chatserver1.tlog\link.read.1.tlog
d:\pro\vs_pro\chatserver1\chatserver\x64\debug\chatserver1.tlog\link.write.1.tlog
